{"C:\\Users\\admin\\Desktop\\repository-harry-potter\\client\\jest.config.js": {"path":"C:\\Users\\admin\\Desktop\\repository-harry-potter\\client\\jest.config.js","statementMap":{"0":{"start":{"line":1,"column":0},"end":{"line":8,"column":2}}},"fnMap":{},"branchMap":{},"s":{"0":1},"f":{},"b":{},"_coverageSchema":"1a1c01bbd47fc00a2c39e90264f33305004495a9","hash":"6cf567f2ca9b3253e835673b6ee60fdf6e2dc089"}
,"C:\\Users\\admin\\Desktop\\repository-harry-potter\\client\\src\\__test__\\components\\Card.jsx": {"path":"C:\\Users\\admin\\Desktop\\repository-harry-potter\\client\\src\\__test__\\components\\Card.jsx","statementMap":{"0":{"start":{"line":3,"column":20},"end":{"line":13,"column":1}},"1":{"start":{"line":4,"column":2},"end":{"line":12,"column":4}}},"fnMap":{"0":{"name":"(anonymous_0)","decl":{"start":{"line":3,"column":20},"end":{"line":3,"column":21}},"loc":{"start":{"line":3,"column":39},"end":{"line":13,"column":1}},"line":3}},"branchMap":{"0":{"loc":{"start":{"line":7,"column":18},"end":{"line":7,"column":55}},"type":"cond-expr","locations":[{"start":{"line":7,"column":39},"end":{"line":7,"column":46}},{"start":{"line":7,"column":49},"end":{"line":7,"column":55}}],"line":7}},"s":{"0":1,"1":1},"f":{"0":1},"b":{"0":[1,0]},"_coverageSchema":"1a1c01bbd47fc00a2c39e90264f33305004495a9","hash":"e8a488b82a316fb0439d127c55f3e880165e1c24"}
}
